<?xml version="1.0" encoding="UTF-8"?>
<TestRun id="843ea1a6-a1ae-4694-9449-a9d22779b62d" name="Administrator@WXWINTER 2010-03-03 17:09:32" runUser="WXWINTER\Administrator" xmlns="http://microsoft.com/schemas/VisualStudio/TeamTest/2010">
  <TestSettings name="Local" id="dbe38011-5b33-4f3e-92d8-df443f73f504">
    <Description>These are default test settings for a local test run.</Description>
    <Deployment enabled="false" runDeploymentRoot="Administrator_WXWINTER 2010-03-03 17_09_32" />
    <Execution>
      <TestTypeSpecific />
      <AgentRule name="Execution Agents">
      </AgentRule>
    </Execution>
  </TestSettings>
  <Times creation="2010-03-03T17:09:32.0389746+08:00" queuing="2010-03-03T17:09:32.0679746+08:00" start="2010-03-03T17:09:32.0879746+08:00" finish="2010-03-03T17:09:32.5609746+08:00" />
  <ResultSummary outcome="Completed">
    <Counters total="3" executed="3" passed="3" error="0" failed="0" timeout="0" aborted="0" inconclusive="0" passedButRunAborted="0" notRunnable="0" notExecuted="0" disconnected="0" warning="0" completed="0" inProgress="0" pending="0" />
  </ResultSummary>
  <TestDefinitions>
    <UnitTest name="checkRowIDinTabBTest" storage="e:\myconfig\documents\visual studio 2010\projects\wcfwfdatalayersample\testproject1\bin\debug\testproject1.dll" id="c706a0eb-0c84-adf9-b59d-8a3ab9e78a4b">
      <Execution id="eed1c8dc-071c-4573-8823-3402a540f817" />
      <TestMethod codeBase="e:/myconfig/documents/visual studio 2010/Projects/WcfWfDataLayerSample/TestProject1/bin/Debug/TestProject1.DLL" adapterTypeName="Microsoft.VisualStudio.TestTools.TestTypes.Unit.UnitTestAdapter, Microsoft.VisualStudio.QualityTools.Tips.UnitTest.Adapter, Version=10.0.0.0, Culture=neutral, PublicKeyToken=b03f5f7f11d50a3a" className="TestProject1.dbManageTest, TestProject1, Version=1.0.0.0, Culture=neutral, PublicKeyToken=null" name="checkRowIDinTabBTest" />
    </UnitTest>
    <UnitTest name="checkIDinTabATest" storage="e:\myconfig\documents\visual studio 2010\projects\wcfwfdatalayersample\testproject1\bin\debug\testproject1.dll" id="cbabe96b-de20-68da-66fe-34b8428ab706">
      <Execution id="9af35f90-58f1-4e55-88e7-fe5e4694272f" />
      <TestMethod codeBase="e:/myconfig/documents/visual studio 2010/Projects/WcfWfDataLayerSample/TestProject1/bin/Debug/TestProject1.DLL" adapterTypeName="Microsoft.VisualStudio.TestTools.TestTypes.Unit.UnitTestAdapter, Microsoft.VisualStudio.QualityTools.Tips.UnitTest.Adapter, Version=10.0.0.0, Culture=neutral, PublicKeyToken=b03f5f7f11d50a3a" className="TestProject1.dbManageTest, TestProject1, Version=1.0.0.0, Culture=neutral, PublicKeyToken=null" name="checkIDinTabATest" />
    </UnitTest>
    <UnitTest name="insertTabBTest" storage="e:\myconfig\documents\visual studio 2010\projects\wcfwfdatalayersample\testproject1\bin\debug\testproject1.dll" id="6e2f48f0-d5b6-a911-fcf8-1fe0126d5723">
      <Execution id="90a55bff-5e69-4944-8f92-96be3fe18148" />
      <TestMethod codeBase="e:/myconfig/documents/visual studio 2010/Projects/WcfWfDataLayerSample/TestProject1/bin/Debug/TestProject1.DLL" adapterTypeName="Microsoft.VisualStudio.TestTools.TestTypes.Unit.UnitTestAdapter, Microsoft.VisualStudio.QualityTools.Tips.UnitTest.Adapter, Version=10.0.0.0, Culture=neutral, PublicKeyToken=b03f5f7f11d50a3a" className="TestProject1.dbManageTest, TestProject1, Version=1.0.0.0, Culture=neutral, PublicKeyToken=null" name="insertTabBTest" />
    </UnitTest>
  </TestDefinitions>
  <TestLists>
    <TestList name="Results Not in a List" id="8c84fa94-04c1-424b-9868-57a2d4851a1d" />
    <TestList name="All Loaded Results" id="19431567-8539-422a-85d7-44ee4e166bda" />
  </TestLists>
  <TestEntries>
    <TestEntry testId="6e2f48f0-d5b6-a911-fcf8-1fe0126d5723" executionId="90a55bff-5e69-4944-8f92-96be3fe18148" testListId="8c84fa94-04c1-424b-9868-57a2d4851a1d" />
    <TestEntry testId="c706a0eb-0c84-adf9-b59d-8a3ab9e78a4b" executionId="eed1c8dc-071c-4573-8823-3402a540f817" testListId="8c84fa94-04c1-424b-9868-57a2d4851a1d" />
    <TestEntry testId="cbabe96b-de20-68da-66fe-34b8428ab706" executionId="9af35f90-58f1-4e55-88e7-fe5e4694272f" testListId="8c84fa94-04c1-424b-9868-57a2d4851a1d" />
  </TestEntries>
  <Results>
    <UnitTestResult executionId="90a55bff-5e69-4944-8f92-96be3fe18148" testId="6e2f48f0-d5b6-a911-fcf8-1fe0126d5723" testName="insertTabBTest" computerName="WXWINTER" duration="00:00:00.0322076" startTime="2010-03-03T17:09:32.1489746+08:00" endTime="2010-03-03T17:09:32.4909746+08:00" testType="13cdc9d9-ddb5-4fa4-a97d-d965ccfc6d4b" outcome="Passed" testListId="8c84fa94-04c1-424b-9868-57a2d4851a1d" relativeResultsDirectory="90a55bff-5e69-4944-8f92-96be3fe18148">
    </UnitTestResult>
    <UnitTestResult executionId="eed1c8dc-071c-4573-8823-3402a540f817" testId="c706a0eb-0c84-adf9-b59d-8a3ab9e78a4b" testName="checkRowIDinTabBTest" computerName="WXWINTER" duration="00:00:00.0027232" startTime="2010-03-03T17:09:32.4939746+08:00" endTime="2010-03-03T17:09:32.5119746+08:00" testType="13cdc9d9-ddb5-4fa4-a97d-d965ccfc6d4b" outcome="Passed" testListId="8c84fa94-04c1-424b-9868-57a2d4851a1d" relativeResultsDirectory="eed1c8dc-071c-4573-8823-3402a540f817">
    </UnitTestResult>
    <UnitTestResult executionId="9af35f90-58f1-4e55-88e7-fe5e4694272f" testId="cbabe96b-de20-68da-66fe-34b8428ab706" testName="checkIDinTabATest" computerName="WXWINTER" duration="00:00:00.0029646" startTime="2010-03-03T17:09:32.5139746+08:00" endTime="2010-03-03T17:09:32.5329746+08:00" testType="13cdc9d9-ddb5-4fa4-a97d-d965ccfc6d4b" outcome="Passed" testListId="8c84fa94-04c1-424b-9868-57a2d4851a1d" relativeResultsDirectory="9af35f90-58f1-4e55-88e7-fe5e4694272f">
    </UnitTestResult>
  </Results>
</TestRun>