<?xml version="1.0" encoding="UTF-8"?>
<TestRun id="e69ed9b6-8991-45af-926a-cca5e1a4f530" name="Administrator@WXWINTER 2010-03-03 17:06:46" runUser="WXWINTER\Administrator" xmlns="http://microsoft.com/schemas/VisualStudio/TeamTest/2010">
  <TestSettings name="Local" id="dbe38011-5b33-4f3e-92d8-df443f73f504">
    <Description>These are default test settings for a local test run.</Description>
    <Deployment enabled="false" runDeploymentRoot="Administrator_WXWINTER 2010-03-03 17_06_46" />
    <Execution>
      <TestTypeSpecific />
      <AgentRule name="Execution Agents">
      </AgentRule>
    </Execution>
  </TestSettings>
  <Times creation="2010-03-03T17:06:46.6639746+08:00" queuing="2010-03-03T17:06:46.6899746+08:00" start="2010-03-03T17:06:46.7209746+08:00" finish="2010-03-03T17:06:47.1279746+08:00" />
  <ResultSummary outcome="Completed">
    <Counters total="3" executed="3" passed="3" error="0" failed="0" timeout="0" aborted="0" inconclusive="0" passedButRunAborted="0" notRunnable="0" notExecuted="0" disconnected="0" warning="0" completed="0" inProgress="0" pending="0" />
  </ResultSummary>
  <TestDefinitions>
    <UnitTest name="checkRowIDinTabBTest" storage="e:\myconfig\documents\visual studio 2010\projects\wcfwfdatalayersample\testproject1\bin\debug\testproject1.dll" id="c706a0eb-0c84-adf9-b59d-8a3ab9e78a4b">
      <Execution id="7c290a06-2643-4467-8d8c-5e9892329143" />
      <TestMethod codeBase="e:/myconfig/documents/visual studio 2010/Projects/WcfWfDataLayerSample/TestProject1/bin/Debug/TestProject1.DLL" adapterTypeName="Microsoft.VisualStudio.TestTools.TestTypes.Unit.UnitTestAdapter, Microsoft.VisualStudio.QualityTools.Tips.UnitTest.Adapter, Version=10.0.0.0, Culture=neutral, PublicKeyToken=b03f5f7f11d50a3a" className="TestProject1.dbManageTest, TestProject1, Version=1.0.0.0, Culture=neutral, PublicKeyToken=null" name="checkRowIDinTabBTest" />
    </UnitTest>
    <UnitTest name="checkIDinTabATest" storage="e:\myconfig\documents\visual studio 2010\projects\wcfwfdatalayersample\testproject1\bin\debug\testproject1.dll" id="cbabe96b-de20-68da-66fe-34b8428ab706">
      <Execution id="ba2660a7-4825-4b22-a504-3d241ae83670" />
      <TestMethod codeBase="e:/myconfig/documents/visual studio 2010/Projects/WcfWfDataLayerSample/TestProject1/bin/Debug/TestProject1.DLL" adapterTypeName="Microsoft.VisualStudio.TestTools.TestTypes.Unit.UnitTestAdapter, Microsoft.VisualStudio.QualityTools.Tips.UnitTest.Adapter, Version=10.0.0.0, Culture=neutral, PublicKeyToken=b03f5f7f11d50a3a" className="TestProject1.dbManageTest, TestProject1, Version=1.0.0.0, Culture=neutral, PublicKeyToken=null" name="checkIDinTabATest" />
    </UnitTest>
    <UnitTest name="insertTabBTest" storage="e:\myconfig\documents\visual studio 2010\projects\wcfwfdatalayersample\testproject1\bin\debug\testproject1.dll" id="6e2f48f0-d5b6-a911-fcf8-1fe0126d5723">
      <Execution id="34869a11-3220-4e05-837e-57ef48750220" />
      <TestMethod codeBase="e:/myconfig/documents/visual studio 2010/Projects/WcfWfDataLayerSample/TestProject1/bin/Debug/TestProject1.DLL" adapterTypeName="Microsoft.VisualStudio.TestTools.TestTypes.Unit.UnitTestAdapter, Microsoft.VisualStudio.QualityTools.Tips.UnitTest.Adapter, Version=10.0.0.0, Culture=neutral, PublicKeyToken=b03f5f7f11d50a3a" className="TestProject1.dbManageTest, TestProject1, Version=1.0.0.0, Culture=neutral, PublicKeyToken=null" name="insertTabBTest" />
    </UnitTest>
  </TestDefinitions>
  <TestLists>
    <TestList name="Results Not in a List" id="8c84fa94-04c1-424b-9868-57a2d4851a1d" />
    <TestList name="All Loaded Results" id="19431567-8539-422a-85d7-44ee4e166bda" />
  </TestLists>
  <TestEntries>
    <TestEntry testId="6e2f48f0-d5b6-a911-fcf8-1fe0126d5723" executionId="34869a11-3220-4e05-837e-57ef48750220" testListId="8c84fa94-04c1-424b-9868-57a2d4851a1d" />
    <TestEntry testId="c706a0eb-0c84-adf9-b59d-8a3ab9e78a4b" executionId="7c290a06-2643-4467-8d8c-5e9892329143" testListId="8c84fa94-04c1-424b-9868-57a2d4851a1d" />
    <TestEntry testId="cbabe96b-de20-68da-66fe-34b8428ab706" executionId="ba2660a7-4825-4b22-a504-3d241ae83670" testListId="8c84fa94-04c1-424b-9868-57a2d4851a1d" />
  </TestEntries>
  <Results>
    <UnitTestResult executionId="34869a11-3220-4e05-837e-57ef48750220" testId="6e2f48f0-d5b6-a911-fcf8-1fe0126d5723" testName="insertTabBTest" computerName="WXWINTER" duration="00:00:00.0355987" startTime="2010-03-03T17:06:46.7379746+08:00" endTime="2010-03-03T17:06:47.0739746+08:00" testType="13cdc9d9-ddb5-4fa4-a97d-d965ccfc6d4b" outcome="Passed" testListId="8c84fa94-04c1-424b-9868-57a2d4851a1d" relativeResultsDirectory="34869a11-3220-4e05-837e-57ef48750220">
    </UnitTestResult>
    <UnitTestResult executionId="7c290a06-2643-4467-8d8c-5e9892329143" testId="c706a0eb-0c84-adf9-b59d-8a3ab9e78a4b" testName="checkRowIDinTabBTest" computerName="WXWINTER" duration="00:00:00.0014973" startTime="2010-03-03T17:06:47.0789746+08:00" endTime="2010-03-03T17:06:47.0899746+08:00" testType="13cdc9d9-ddb5-4fa4-a97d-d965ccfc6d4b" outcome="Passed" testListId="8c84fa94-04c1-424b-9868-57a2d4851a1d" relativeResultsDirectory="7c290a06-2643-4467-8d8c-5e9892329143">
    </UnitTestResult>
    <UnitTestResult executionId="ba2660a7-4825-4b22-a504-3d241ae83670" testId="cbabe96b-de20-68da-66fe-34b8428ab706" testName="checkIDinTabATest" computerName="WXWINTER" duration="00:00:00.0027845" startTime="2010-03-03T17:06:47.0929746+08:00" endTime="2010-03-03T17:06:47.1019746+08:00" testType="13cdc9d9-ddb5-4fa4-a97d-d965ccfc6d4b" outcome="Passed" testListId="8c84fa94-04c1-424b-9868-57a2d4851a1d" relativeResultsDirectory="ba2660a7-4825-4b22-a504-3d241ae83670">
    </UnitTestResult>
  </Results>
</TestRun>