<?xml version="1.0" encoding="UTF-8"?>
<TestRun id="69f18739-2abb-4afa-a0f2-c0eed9ad5f20" name="Administrator@WXWINTER 2010-03-03 17:03:44" runUser="WXWINTER\Administrator" xmlns="http://microsoft.com/schemas/VisualStudio/TeamTest/2010">
  <TestSettings name="Local" id="dbe38011-5b33-4f3e-92d8-df443f73f504">
    <Description>These are default test settings for a local test run.</Description>
    <Deployment enabled="false" runDeploymentRoot="Administrator_WXWINTER 2010-03-03 17_03_44" />
    <Execution>
      <TestTypeSpecific />
      <AgentRule name="Execution Agents">
      </AgentRule>
    </Execution>
  </TestSettings>
  <Times creation="2010-03-03T17:03:44.0999746+08:00" queuing="2010-03-03T17:03:44.3189746+08:00" start="2010-03-03T17:03:44.3879746+08:00" finish="2010-03-03T17:03:45.1739746+08:00" />
  <ResultSummary outcome="Completed">
    <Counters total="1" executed="1" passed="1" error="0" failed="0" timeout="0" aborted="0" inconclusive="0" passedButRunAborted="0" notRunnable="0" notExecuted="0" disconnected="0" warning="0" completed="0" inProgress="0" pending="0" />
  </ResultSummary>
  <TestDefinitions>
    <UnitTest name="checkIDinTabATest" storage="e:\myconfig\documents\visual studio 2010\projects\wcfwfdatalayersample\testproject1\bin\debug\testproject1.dll" id="cbabe96b-de20-68da-66fe-34b8428ab706">
      <Execution id="bc45b3ad-006a-41a0-bfc2-50f668b78d95" />
      <TestMethod codeBase="e:/myconfig/documents/visual studio 2010/Projects/WcfWfDataLayerSample/TestProject1/bin/Debug/TestProject1.DLL" adapterTypeName="Microsoft.VisualStudio.TestTools.TestTypes.Unit.UnitTestAdapter, Microsoft.VisualStudio.QualityTools.Tips.UnitTest.Adapter, Version=10.0.0.0, Culture=neutral, PublicKeyToken=b03f5f7f11d50a3a" className="TestProject1.dbManageTest, TestProject1, Version=1.0.0.0, Culture=neutral, PublicKeyToken=null" name="checkIDinTabATest" />
    </UnitTest>
  </TestDefinitions>
  <TestLists>
    <TestList name="Results Not in a List" id="8c84fa94-04c1-424b-9868-57a2d4851a1d" />
    <TestList name="All Loaded Results" id="19431567-8539-422a-85d7-44ee4e166bda" />
  </TestLists>
  <TestEntries>
    <TestEntry testId="cbabe96b-de20-68da-66fe-34b8428ab706" executionId="bc45b3ad-006a-41a0-bfc2-50f668b78d95" testListId="8c84fa94-04c1-424b-9868-57a2d4851a1d" />
  </TestEntries>
  <Results>
    <UnitTestResult executionId="bc45b3ad-006a-41a0-bfc2-50f668b78d95" testId="cbabe96b-de20-68da-66fe-34b8428ab706" testName="checkIDinTabATest" computerName="WXWINTER" duration="00:00:00.1496828" startTime="2010-03-03T17:03:44.4879746+08:00" endTime="2010-03-03T17:03:45.1199746+08:00" testType="13cdc9d9-ddb5-4fa4-a97d-d965ccfc6d4b" outcome="Passed" testListId="8c84fa94-04c1-424b-9868-57a2d4851a1d" relativeResultsDirectory="bc45b3ad-006a-41a0-bfc2-50f668b78d95">
    </UnitTestResult>
  </Results>
</TestRun>